0 info it worked if it ends with ok
1 verbose cli [ 'node', '/usr/local/bin/npm', 'start' ]
2 info using npm@3.5.2
3 info using node@v0.12.4
4 verbose run-script [ 'prestart', 'start', 'poststart' ]
5 info lifecycle restApp@0.0.0~prestart: restApp@0.0.0
6 silly lifecycle restApp@0.0.0~prestart: no script for prestart, continuing
7 info lifecycle restApp@0.0.0~start: restApp@0.0.0
8 verbose lifecycle restApp@0.0.0~start: unsafe-perm in lifecycle true
9 verbose lifecycle restApp@0.0.0~start: PATH: /usr/local/lib/node_modules/npm/bin/node-gyp-bin:/Users/khanhpham/projects/nodejs-test-case/node_modules/.bin:/Users/khanhpham/.rvm/gems/ruby-2.2.1/bin:/Users/khanhpham/.rvm/gems/ruby-2.2.1@global/bin:/Users/khanhpham/.rvm/rubies/ruby-2.2.1/bin:/Users/khanhpham/lib/depot_tools:/usr/local/heroku/bin:/Users/khanhpham/Downloads/cocos2d-x-3.6/templates:/Users/khanhpham/Downloads/cocos2d-x-3.6/tools/cocos2d-console/bin:/opt/local/bin:/opt/local/sbin:/Applications/xampp/xamppfiles/bin:/usr/local/bin:/usr/bin:/bin:/usr/sbin:/sbin:/Users/khanhpham/.rvm/bin
10 verbose lifecycle restApp@0.0.0~start: CWD: /Users/khanhpham/projects/nodejs-test-case
11 silly lifecycle restApp@0.0.0~start: Args: [ '-c', 'node ./bin/www' ]
12 silly lifecycle restApp@0.0.0~start: Returned: code: 1  signal: null
13 info lifecycle restApp@0.0.0~start: Failed to exec start script
14 verbose stack Error: restApp@0.0.0 start: `node ./bin/www`
14 verbose stack Exit status 1
14 verbose stack     at EventEmitter.<anonymous> (/usr/local/lib/node_modules/npm/lib/utils/lifecycle.js:232:16)
14 verbose stack     at EventEmitter.emit (events.js:110:17)
14 verbose stack     at ChildProcess.<anonymous> (/usr/local/lib/node_modules/npm/lib/utils/spawn.js:24:14)
14 verbose stack     at ChildProcess.emit (events.js:110:17)
14 verbose stack     at maybeClose (child_process.js:1015:16)
14 verbose stack     at Process.ChildProcess._handle.onexit (child_process.js:1087:5)
15 verbose pkgid restApp@0.0.0
16 verbose cwd /Users/khanhpham/projects/nodejs-test-case
17 error Darwin 14.5.0
18 error argv "node" "/usr/local/bin/npm" "start"
19 error node v0.12.4
20 error npm  v3.5.2
21 error code ELIFECYCLE
22 error restApp@0.0.0 start: `node ./bin/www`
22 error Exit status 1
23 error Failed at the restApp@0.0.0 start script 'node ./bin/www'.
23 error Make sure you have the latest version of node.js and npm installed.
23 error If you do, this is most likely a problem with the restApp package,
23 error not with npm itself.
23 error Tell the author that this fails on your system:
23 error     node ./bin/www
23 error You can get information on how to open an issue for this project with:
23 error     npm bugs restApp
23 error Or if that isn't available, you can get their info via:
23 error     npm owner ls restApp
23 error There is likely additional logging output above.
24 verbose exit [ 1, true ]
